{"@timestamp":"2025-12-01T12:58:52.9077798+01:00","level":"INFO","thread_name":"background-preinit","logger_name":"org.hibernate.validator.internal.util.Version","message":"HV000001: Hibernate Validator 8.0.3.Final"}
{"@timestamp":"2025-12-01T12:58:52.981791+01:00","level":"INFO","thread_name":"restartedMain","logger_name":"dk.dtu.backend.BackendApplication","message":"Starting BackendApplication using Java 21.0.4 with PID 19172 (C:\\Users\\rezaj\\Desktop\\BidGallery\\backend\\target\\classes started by rezaj in C:\\Users\\rezaj\\Desktop\\BidGallery\\backend)"}
{"@timestamp":"2025-12-01T12:58:52.9837959+01:00","level":"INFO","thread_name":"restartedMain","logger_name":"dk.dtu.backend.BackendApplication","message":"No active profile set, falling back to 1 default profile: \"default\""}
{"@timestamp":"2025-12-01T12:58:53.0364712+01:00","level":"INFO","thread_name":"restartedMain","logger_name":"org.springframework.boot.devtools.env.DevToolsPropertyDefaultsPostProcessor","message":"Devtools property defaults active! Set 'spring.devtools.add-properties' to 'false' to disable"}
{"@timestamp":"2025-12-01T12:58:53.0374738+01:00","level":"INFO","thread_name":"restartedMain","logger_name":"org.springframework.boot.devtools.env.DevToolsPropertyDefaultsPostProcessor","message":"For additional web related logging consider setting the 'logging.level.web' property to 'DEBUG'"}
{"@timestamp":"2025-12-01T12:58:55.1277655+01:00","level":"INFO","thread_name":"restartedMain","logger_name":"org.springframework.data.repository.config.RepositoryConfigurationDelegate","message":"Bootstrapping Spring Data JPA repositories in DEFAULT mode."}
{"@timestamp":"2025-12-01T12:58:55.4370702+01:00","level":"INFO","thread_name":"restartedMain","logger_name":"org.springframework.data.repository.config.RepositoryConfigurationDelegate","message":"Finished Spring Data repository scanning in 293 ms. Found 6 JPA repository interfaces."}
{"@timestamp":"2025-12-01T12:58:56.3275341+01:00","level":"INFO","thread_name":"restartedMain","logger_name":"org.springframework.boot.web.embedded.tomcat.TomcatWebServer","message":"Tomcat initialized with port 8080 (http)"}
{"@timestamp":"2025-12-01T12:58:56.3459109+01:00","level":"INFO","thread_name":"restartedMain","logger_name":"org.apache.coyote.http11.Http11NioProtocol","message":"Initializing ProtocolHandler [\"http-nio-8080\"]"}
{"@timestamp":"2025-12-01T12:58:56.3499026+01:00","level":"INFO","thread_name":"restartedMain","logger_name":"org.apache.catalina.core.StandardService","message":"Starting service [Tomcat]"}
{"@timestamp":"2025-12-01T12:58:56.3509026+01:00","level":"INFO","thread_name":"restartedMain","logger_name":"org.apache.catalina.core.StandardEngine","message":"Starting Servlet engine: [Apache Tomcat/10.1.46]"}
{"@timestamp":"2025-12-01T12:58:56.4354551+01:00","level":"INFO","thread_name":"restartedMain","logger_name":"org.apache.catalina.core.ContainerBase.[Tomcat].[localhost].[/]","message":"Initializing Spring embedded WebApplicationContext"}
{"@timestamp":"2025-12-01T12:58:56.4354551+01:00","level":"INFO","thread_name":"restartedMain","logger_name":"org.springframework.boot.web.servlet.context.ServletWebServerApplicationContext","message":"Root WebApplicationContext: initialization completed in 3397 ms"}
{"@timestamp":"2025-12-01T12:58:56.935149+01:00","level":"INFO","thread_name":"restartedMain","logger_name":"org.hibernate.jpa.internal.util.LogHelper","message":"HHH000204: Processing PersistenceUnitInfo [name: default]"}
{"@timestamp":"2025-12-01T12:58:57.1148384+01:00","level":"INFO","thread_name":"restartedMain","logger_name":"org.hibernate.Version","message":"HHH000412: Hibernate ORM core version 6.6.29.Final"}
{"@timestamp":"2025-12-01T12:58:57.2106001+01:00","level":"INFO","thread_name":"restartedMain","logger_name":"org.hibernate.cache.internal.RegionFactoryInitiator","message":"HHH000026: Second-level cache disabled"}
{"@timestamp":"2025-12-01T12:58:57.6073732+01:00","level":"INFO","thread_name":"restartedMain","logger_name":"org.springframework.orm.jpa.persistenceunit.SpringPersistenceUnitInfo","message":"No LoadTimeWeaver setup: ignoring JPA class transformer"}
{"@timestamp":"2025-12-01T12:58:57.6488346+01:00","level":"INFO","thread_name":"restartedMain","logger_name":"com.zaxxer.hikari.HikariDataSource","message":"HikariPool-1 - Starting..."}
{"@timestamp":"2025-12-01T12:58:57.8562452+01:00","level":"INFO","thread_name":"restartedMain","logger_name":"com.zaxxer.hikari.pool.HikariPool","message":"HikariPool-1 - Added connection org.mariadb.jdbc.Connection@23172dae"}
{"@timestamp":"2025-12-01T12:58:57.8582518+01:00","level":"INFO","thread_name":"restartedMain","logger_name":"com.zaxxer.hikari.HikariDataSource","message":"HikariPool-1 - Start completed."}
{"@timestamp":"2025-12-01T12:58:57.9271255+01:00","level":"INFO","thread_name":"restartedMain","logger_name":"org.hibernate.orm.connections.pooling","message":"HHH10001005: Database info:\n\tDatabase JDBC URL [Connecting through datasource 'HikariDataSource (HikariPool-1)']\n\tDatabase driver: undefined/unknown\n\tDatabase version: 12.0.2\n\tAutocommit mode: undefined/unknown\n\tIsolation level: undefined/unknown\n\tMinimum pool size: undefined/unknown\n\tMaximum pool size: undefined/unknown"}
{"@timestamp":"2025-12-01T12:58:59.1959507+01:00","level":"INFO","thread_name":"restartedMain","logger_name":"org.hibernate.engine.transaction.jta.platform.internal.JtaPlatformInitiator","message":"HHH000489: No JTA platform available (set 'hibernate.transaction.jta.platform' to enable JTA platform integration)"}
{"@timestamp":"2025-12-01T12:58:59.7998198+01:00","level":"INFO","thread_name":"restartedMain","logger_name":"org.springframework.orm.jpa.LocalContainerEntityManagerFactoryBean","message":"Initialized JPA EntityManagerFactory for persistence unit 'default'"}
{"@timestamp":"2025-12-01T12:58:59.9113738+01:00","level":"INFO","thread_name":"restartedMain","logger_name":"AppLogger","message":"Firebase initialized successfully"}
{"@timestamp":"2025-12-01T12:59:01.0364272+01:00","level":"INFO","thread_name":"restartedMain","logger_name":"org.springframework.boot.actuate.endpoint.web.EndpointLinksResolver","message":"Exposing 5 endpoints beneath base path '/actuator'"}
{"@timestamp":"2025-12-01T12:59:01.8807373+01:00","level":"INFO","thread_name":"restartedMain","logger_name":"org.springframework.boot.devtools.autoconfigure.OptionalLiveReloadServer","message":"LiveReload server is running on port 35729"}
{"@timestamp":"2025-12-01T12:59:02.0038661+01:00","level":"INFO","thread_name":"restartedMain","logger_name":"org.apache.coyote.http11.Http11NioProtocol","message":"Starting ProtocolHandler [\"http-nio-8080\"]"}
{"@timestamp":"2025-12-01T12:59:02.0359933+01:00","level":"INFO","thread_name":"restartedMain","logger_name":"org.springframework.boot.web.embedded.tomcat.TomcatWebServer","message":"Tomcat started on port 8080 (http) with context path '/'"}
{"@timestamp":"2025-12-01T12:59:02.0689711+01:00","level":"INFO","thread_name":"restartedMain","logger_name":"dk.dtu.backend.BackendApplication","message":"Started BackendApplication in 10.005 seconds (process running for 10.766)"}
{"@timestamp":"2025-12-01T12:59:24.9389584+01:00","level":"INFO","thread_name":"http-nio-8080-exec-1","logger_name":"org.apache.catalina.core.ContainerBase.[Tomcat].[localhost].[/]","message":"Initializing Spring DispatcherServlet 'dispatcherServlet'"}
{"@timestamp":"2025-12-01T12:59:24.9389584+01:00","level":"INFO","thread_name":"http-nio-8080-exec-1","logger_name":"org.springframework.web.servlet.DispatcherServlet","message":"Initializing Servlet 'dispatcherServlet'"}
{"@timestamp":"2025-12-01T12:59:24.9389584+01:00","level":"INFO","thread_name":"http-nio-8080-exec-1","logger_name":"org.springframework.web.servlet.DispatcherServlet","message":"Completed initialization in 0 ms"}
{"@timestamp":"2025-12-01T12:59:25.2614165+01:00","level":"INFO","thread_name":"http-nio-8080-exec-1","logger_name":"dk.dtu.backend.utils.RequestLoggingFilter","message":"HTTP GET /api/auth/check -> status=401, duration=189ms","userEmail":"GUEST","correlationId":"corr-fb65cfaa"}
{"@timestamp":"2025-12-01T12:59:25.2737604+01:00","level":"INFO","thread_name":"http-nio-8080-exec-3","logger_name":"dk.dtu.backend.utils.RequestLoggingFilter","message":"HTTP GET /api/auth/check -> status=401, duration=5ms","userEmail":"GUEST","correlationId":"corr-e1357166"}
{"@timestamp":"2025-12-01T12:59:25.5406376+01:00","level":"INFO","thread_name":"http-nio-8080-exec-5","logger_name":"AppLogger","message":"Available products fetched successfully","availableCount":"30","userEmail":"GUEST","correlationId":"corr-ee881482"}
{"@timestamp":"2025-12-01T12:59:25.5687716+01:00","level":"INFO","thread_name":"http-nio-8080-exec-5","logger_name":"dk.dtu.backend.utils.RequestLoggingFilter","message":"HTTP GET /api/products/available -> status=200, duration=498ms","userEmail":"GUEST","correlationId":"corr-ee881482"}
{"@timestamp":"2025-12-01T12:59:25.598724+01:00","level":"INFO","thread_name":"http-nio-8080-exec-4","logger_name":"AppLogger","message":"Available products fetched successfully","availableCount":"30","userEmail":"GUEST","correlationId":"corr-30bccb4e"}
{"@timestamp":"2025-12-01T12:59:25.598724+01:00","level":"INFO","thread_name":"http-nio-8080-exec-4","logger_name":"dk.dtu.backend.utils.RequestLoggingFilter","message":"HTTP GET /api/products/available -> status=200, duration=11ms","userEmail":"GUEST","correlationId":"corr-30bccb4e"}
{"@timestamp":"2025-12-01T13:05:29.6347497+01:00","level":"INFO","thread_name":"http-nio-8080-exec-8","logger_name":"dk.dtu.backend.utils.RequestLoggingFilter","message":"HTTP GET /api/auth/check -> status=401, duration=15ms","userEmail":"GUEST","correlationId":"corr-5d40ca9b"}
{"@timestamp":"2025-12-01T13:05:30.2123363+01:00","level":"INFO","thread_name":"http-nio-8080-exec-9","logger_name":"dk.dtu.backend.utils.RequestLoggingFilter","message":"HTTP GET /api/auth/check -> status=401, duration=4ms","userEmail":"GUEST","correlationId":"corr-2bb1db64"}
{"@timestamp":"2025-12-01T13:05:56.7060754+01:00","level":"INFO","thread_name":"http-nio-8080-exec-10","logger_name":"dk.dtu.backend.utils.RequestLoggingFilter","message":"HTTP GET /api/auth/check -> status=401, duration=5ms","userEmail":"GUEST","correlationId":"corr-71f42eec"}
{"@timestamp":"2025-12-01T13:05:57.2809449+01:00","level":"INFO","thread_name":"http-nio-8080-exec-3","logger_name":"dk.dtu.backend.utils.RequestLoggingFilter","message":"HTTP GET /api/auth/check -> status=401, duration=2ms","userEmail":"GUEST","correlationId":"corr-e3955471"}
{"@timestamp":"2025-12-01T13:09:55.8730574+01:00","level":"INFO","thread_name":"http-nio-8080-exec-5","logger_name":"dk.dtu.backend.utils.RequestLoggingFilter","message":"HTTP GET /api/auth/check -> status=401, duration=7ms","userEmail":"GUEST","correlationId":"corr-4d93ac69"}
{"@timestamp":"2025-12-01T13:09:55.8880747+01:00","level":"INFO","thread_name":"http-nio-8080-exec-4","logger_name":"dk.dtu.backend.utils.RequestLoggingFilter","message":"HTTP GET /api/auth/check -> status=401, duration=7ms","userEmail":"GUEST","correlationId":"corr-30c44aea"}
{"@timestamp":"2025-12-01T13:14:55.3823256+01:00","level":"INFO","thread_name":"http-nio-8080-exec-7","logger_name":"dk.dtu.backend.utils.RequestLoggingFilter","message":"HTTP GET /api/auth/check -> status=401, duration=25ms","userEmail":"GUEST","correlationId":"corr-30e9453c"}
{"@timestamp":"2025-12-01T13:14:55.3959388+01:00","level":"INFO","thread_name":"http-nio-8080-exec-8","logger_name":"dk.dtu.backend.utils.RequestLoggingFilter","message":"HTTP GET /api/auth/check -> status=401, duration=8ms","userEmail":"GUEST","correlationId":"corr-4d9ab4d5"}
{"@timestamp":"2025-12-01T13:15:33.7986623+01:00","level":"INFO","thread_name":"http-nio-8080-exec-3","logger_name":"dk.dtu.backend.utils.RequestLoggingFilter","message":"HTTP GET /api/auth/check -> status=401, duration=24ms","userEmail":"GUEST","correlationId":"corr-b20534d9"}
{"@timestamp":"2025-12-01T13:15:33.8439137+01:00","level":"INFO","thread_name":"http-nio-8080-exec-1","logger_name":"dk.dtu.backend.utils.RequestLoggingFilter","message":"HTTP GET /api/auth/check -> status=401, duration=14ms","userEmail":"GUEST","correlationId":"corr-a6d26c1e"}
{"@timestamp":"2025-12-01T13:15:53.2694632+01:00","level":"INFO","thread_name":"http-nio-8080-exec-5","logger_name":"dk.dtu.backend.utils.RequestLoggingFilter","message":"HTTP GET /api/auth/check -> status=401, duration=7ms","userEmail":"GUEST","correlationId":"corr-4bc44208"}
{"@timestamp":"2025-12-01T13:15:53.2819539+01:00","level":"INFO","thread_name":"http-nio-8080-exec-4","logger_name":"dk.dtu.backend.utils.RequestLoggingFilter","message":"HTTP GET /api/auth/check -> status=401, duration=3ms","userEmail":"GUEST","correlationId":"corr-2e6096b7"}
{"@timestamp":"2025-12-01T13:16:05.1151338+01:00","level":"INFO","thread_name":"http-nio-8080-exec-6","logger_name":"dk.dtu.backend.utils.RequestLoggingFilter","message":"HTTP GET /api/auth/check -> status=401, duration=7ms","userEmail":"GUEST","correlationId":"corr-127a0c5d"}
{"@timestamp":"2025-12-01T13:16:05.13901+01:00","level":"INFO","thread_name":"http-nio-8080-exec-7","logger_name":"dk.dtu.backend.utils.RequestLoggingFilter","message":"HTTP GET /api/auth/check -> status=401, duration=11ms","userEmail":"GUEST","correlationId":"corr-db3ddb1a"}
{"@timestamp":"2025-12-01T13:16:05.379048+01:00","level":"INFO","thread_name":"http-nio-8080-exec-2","logger_name":"AppLogger","message":"Available products fetched successfully","availableCount":"30","userEmail":"GUEST","correlationId":"corr-547758db"}
{"@timestamp":"2025-12-01T13:16:05.3971007+01:00","level":"INFO","thread_name":"http-nio-8080-exec-2","logger_name":"dk.dtu.backend.utils.RequestLoggingFilter","message":"HTTP GET /api/products/available -> status=200, duration=287ms","userEmail":"GUEST","correlationId":"corr-547758db"}
{"@timestamp":"2025-12-01T13:16:05.447131+01:00","level":"INFO","thread_name":"http-nio-8080-exec-8","logger_name":"AppLogger","message":"Available products fetched successfully","availableCount":"30","userEmail":"GUEST","correlationId":"corr-53b83235"}
{"@timestamp":"2025-12-01T13:16:05.4504432+01:00","level":"INFO","thread_name":"http-nio-8080-exec-8","logger_name":"dk.dtu.backend.utils.RequestLoggingFilter","message":"HTTP GET /api/products/available -> status=200, duration=36ms","userEmail":"GUEST","correlationId":"corr-53b83235"}
{"@timestamp":"2025-12-01T13:16:27.148871+01:00","level":"INFO","thread_name":"http-nio-8080-exec-10","logger_name":"dk.dtu.backend.utils.RequestLoggingFilter","message":"HTTP GET /api/auth/check -> status=401, duration=4ms","userEmail":"GUEST","correlationId":"corr-ddf22e03"}
{"@timestamp":"2025-12-01T13:16:27.7173362+01:00","level":"INFO","thread_name":"http-nio-8080-exec-9","logger_name":"dk.dtu.backend.utils.RequestLoggingFilter","message":"HTTP GET /api/auth/check -> status=401, duration=4ms","userEmail":"GUEST","correlationId":"corr-a66ba11f"}
{"@timestamp":"2025-12-01T13:20:42.9380311+01:00","level":"INFO","thread_name":"http-nio-8080-exec-4","logger_name":"dk.dtu.backend.utils.RequestLoggingFilter","message":"HTTP GET /api/auth/check -> status=401, duration=28ms","userEmail":"GUEST","correlationId":"corr-d283fc1e"}
{"@timestamp":"2025-12-01T13:20:42.9644368+01:00","level":"INFO","thread_name":"http-nio-8080-exec-6","logger_name":"dk.dtu.backend.utils.RequestLoggingFilter","message":"HTTP GET /api/auth/check -> status=401, duration=4ms","userEmail":"GUEST","correlationId":"corr-899bff98"}
{"@timestamp":"2025-12-01T13:23:52.7745892+01:00","level":"INFO","thread_name":"http-nio-8080-exec-2","logger_name":"dk.dtu.backend.utils.RequestLoggingFilter","message":"HTTP GET /api/auth/check -> status=401, duration=5ms","userEmail":"GUEST","correlationId":"corr-6268e48c"}
{"@timestamp":"2025-12-01T13:23:53.3490644+01:00","level":"INFO","thread_name":"http-nio-8080-exec-8","logger_name":"dk.dtu.backend.utils.RequestLoggingFilter","message":"HTTP GET /api/auth/check -> status=401, duration=3ms","userEmail":"GUEST","correlationId":"corr-dd37f1d4"}
{"@timestamp":"2025-12-01T13:26:09.8414405+01:00","level":"INFO","thread_name":"http-nio-8080-exec-3","logger_name":"dk.dtu.backend.utils.RequestLoggingFilter","message":"HTTP GET /api/auth/check -> status=401, duration=3ms","userEmail":"GUEST","correlationId":"corr-4d655c3d"}
{"@timestamp":"2025-12-01T13:26:09.8557562+01:00","level":"INFO","thread_name":"http-nio-8080-exec-3","logger_name":"dk.dtu.backend.utils.RequestLoggingFilter","message":"HTTP GET /api/auth/check -> status=401, duration=3ms","userEmail":"GUEST","correlationId":"corr-dab9adc0"}
{"@timestamp":"2025-12-01T13:26:09.9999394+01:00","level":"INFO","thread_name":"http-nio-8080-exec-9","logger_name":"AppLogger","message":"Available products fetched successfully","availableCount":"30","userEmail":"GUEST","correlationId":"corr-246cdc99"}
{"@timestamp":"2025-12-01T13:26:10.0370748+01:00","level":"INFO","thread_name":"http-nio-8080-exec-9","logger_name":"dk.dtu.backend.utils.RequestLoggingFilter","message":"HTTP GET /api/products/available -> status=200, duration=199ms","userEmail":"GUEST","correlationId":"corr-246cdc99"}
{"@timestamp":"2025-12-01T13:26:10.071547+01:00","level":"INFO","thread_name":"http-nio-8080-exec-5","logger_name":"AppLogger","message":"Available products fetched successfully","availableCount":"30","userEmail":"GUEST","correlationId":"corr-ee6ab2d8"}
{"@timestamp":"2025-12-01T13:26:10.071547+01:00","level":"INFO","thread_name":"http-nio-8080-exec-5","logger_name":"dk.dtu.backend.utils.RequestLoggingFilter","message":"HTTP GET /api/products/available -> status=200, duration=29ms","userEmail":"GUEST","correlationId":"corr-ee6ab2d8"}
{"@timestamp":"2025-12-01T13:35:32.9040689+01:00","level":"INFO","thread_name":"http-nio-8080-exec-2","logger_name":"dk.dtu.backend.utils.RequestLoggingFilter","message":"HTTP GET /api/auth/check -> status=401, duration=38ms","userEmail":"GUEST","correlationId":"corr-b3171829"}
{"@timestamp":"2025-12-01T13:35:32.9116871+01:00","level":"INFO","thread_name":"http-nio-8080-exec-8","logger_name":"dk.dtu.backend.utils.RequestLoggingFilter","message":"HTTP GET /api/auth/check -> status=401, duration=0ms","userEmail":"GUEST","correlationId":"corr-357d2297"}
{"@timestamp":"2025-12-01T13:48:15.670866+01:00","level":"INFO","thread_name":"http-nio-8080-exec-3","logger_name":"dk.dtu.backend.utils.RequestLoggingFilter","message":"HTTP GET /api/auth/check -> status=401, duration=50ms","userEmail":"GUEST","correlationId":"corr-12f9fa65"}
{"@timestamp":"2025-12-01T13:48:16.1320677+01:00","level":"INFO","thread_name":"http-nio-8080-exec-9","logger_name":"dk.dtu.backend.utils.RequestLoggingFilter","message":"HTTP GET /api/auth/check -> status=401, duration=3ms","userEmail":"GUEST","correlationId":"corr-77b506d8"}
{"@timestamp":"2025-12-01T13:50:03.9422585+01:00","level":"INFO","thread_name":"http-nio-8080-exec-6","logger_name":"dk.dtu.backend.utils.RequestLoggingFilter","message":"HTTP GET /api/auth/check -> status=401, duration=16ms","userEmail":"GUEST","correlationId":"corr-d32d8ddf"}
{"@timestamp":"2025-12-01T13:50:03.9537914+01:00","level":"INFO","thread_name":"http-nio-8080-exec-4","logger_name":"dk.dtu.backend.utils.RequestLoggingFilter","message":"HTTP GET /api/auth/check -> status=401, duration=3ms","userEmail":"GUEST","correlationId":"corr-7a450ff9"}
{"@timestamp":"2025-12-01T13:52:56.6415247+01:00","level":"INFO","thread_name":"http-nio-8080-exec-8","logger_name":"dk.dtu.backend.utils.RequestLoggingFilter","message":"HTTP GET /api/auth/check -> status=401, duration=4ms","userEmail":"GUEST","correlationId":"corr-3357a459"}
{"@timestamp":"2025-12-01T13:52:56.6547111+01:00","level":"INFO","thread_name":"http-nio-8080-exec-10","logger_name":"dk.dtu.backend.utils.RequestLoggingFilter","message":"HTTP GET /api/auth/check -> status=401, duration=4ms","userEmail":"GUEST","correlationId":"corr-c79c7c94"}
{"@timestamp":"2025-12-01T13:53:54.4168236+01:00","level":"INFO","thread_name":"http-nio-8080-exec-1","logger_name":"dk.dtu.backend.utils.RequestLoggingFilter","message":"HTTP GET /api/auth/check -> status=401, duration=6ms","userEmail":"GUEST","correlationId":"corr-1e9b4617"}
{"@timestamp":"2025-12-01T13:53:54.43561+01:00","level":"INFO","thread_name":"http-nio-8080-exec-3","logger_name":"dk.dtu.backend.utils.RequestLoggingFilter","message":"HTTP GET /api/auth/check -> status=401, duration=9ms","userEmail":"GUEST","correlationId":"corr-24ca7cfd"}
{"@timestamp":"2025-12-01T13:59:50.6480668+01:00","level":"INFO","thread_name":"http-nio-8080-exec-6","logger_name":"dk.dtu.backend.utils.RequestLoggingFilter","message":"HTTP GET /api/auth/check -> status=401, duration=26ms","userEmail":"GUEST","correlationId":"corr-c430c52f"}
{"@timestamp":"2025-12-01T13:59:50.69012+01:00","level":"INFO","thread_name":"http-nio-8080-exec-4","logger_name":"dk.dtu.backend.utils.RequestLoggingFilter","message":"HTTP GET /api/auth/check -> status=401, duration=25ms","userEmail":"GUEST","correlationId":"corr-5b3facd6"}
{"@timestamp":"2025-12-01T14:02:24.497372+01:00","level":"INFO","thread_name":"http-nio-8080-exec-8","logger_name":"AppLogger","message":"Available products fetched successfully","availableCount":"30","userEmail":"GUEST","correlationId":"corr-dff707c5"}
{"@timestamp":"2025-12-01T14:02:24.5140212+01:00","level":"INFO","thread_name":"http-nio-8080-exec-8","logger_name":"dk.dtu.backend.utils.RequestLoggingFilter","message":"HTTP GET /api/products/available -> status=200, duration=227ms","userEmail":"GUEST","correlationId":"corr-dff707c5"}
{"@timestamp":"2025-12-01T14:02:24.5486021+01:00","level":"INFO","thread_name":"http-nio-8080-exec-10","logger_name":"AppLogger","message":"Available products fetched successfully","availableCount":"30","userEmail":"GUEST","correlationId":"corr-2ce21834"}
{"@timestamp":"2025-12-01T14:02:24.5516026+01:00","level":"INFO","thread_name":"http-nio-8080-exec-10","logger_name":"dk.dtu.backend.utils.RequestLoggingFilter","message":"HTTP GET /api/products/available -> status=200, duration=21ms","userEmail":"GUEST","correlationId":"corr-2ce21834"}
{"@timestamp":"2025-12-01T14:05:29.5290521+01:00","level":"INFO","thread_name":"http-nio-8080-exec-5","logger_name":"AppLogger","message":"Product lookup by ID completed","productTitle":"Morning Light","userEmail":"GUEST","correlationId":"corr-91383781","found":"true","productId":"3"}
{"@timestamp":"2025-12-01T14:05:29.5419897+01:00","level":"INFO","thread_name":"http-nio-8080-exec-5","logger_name":"AppLogger","message":"Bid placement process started","userEmail":"GUEST","correlationId":"corr-91383781","bidValue":"1000.0","productId":"3"}
{"@timestamp":"2025-12-01T14:05:29.5419897+01:00","level":"WARN","thread_name":"http-nio-8080-exec-5","logger_name":"AppLogger","message":"Bid placement failed - product already sold","productTitle":"Morning Light","reason":"product_sold","userEmail":"GUEST","correlationId":"corr-91383781","productId":"3"}
{"@timestamp":"2025-12-01T14:05:29.5616782+01:00","level":"INFO","thread_name":"http-nio-8080-exec-5","logger_name":"dk.dtu.backend.utils.RequestLoggingFilter","message":"HTTP POST /api/checkout/placebid -> status=200, duration=1332ms","userEmail":"GUEST","correlationId":"corr-91383781"}
{"@timestamp":"2025-12-01T14:06:02.5664001+01:00","level":"INFO","thread_name":"http-nio-8080-exec-7","logger_name":"AppLogger","message":"Available products fetched successfully","availableCount":"30","userEmail":"GUEST","correlationId":"corr-863d3984"}
{"@timestamp":"2025-12-01T14:06:02.5664001+01:00","level":"INFO","thread_name":"http-nio-8080-exec-7","logger_name":"dk.dtu.backend.utils.RequestLoggingFilter","message":"HTTP GET /api/products/available -> status=200, duration=32ms","userEmail":"GUEST","correlationId":"corr-863d3984"}
{"@timestamp":"2025-12-01T14:06:02.6171784+01:00","level":"INFO","thread_name":"http-nio-8080-exec-2","logger_name":"AppLogger","message":"Available products fetched successfully","availableCount":"30","userEmail":"GUEST","correlationId":"corr-dec5abc2"}
{"@timestamp":"2025-12-01T14:06:02.6211714+01:00","level":"INFO","thread_name":"http-nio-8080-exec-2","logger_name":"dk.dtu.backend.utils.RequestLoggingFilter","message":"HTTP GET /api/products/available -> status=200, duration=34ms","userEmail":"GUEST","correlationId":"corr-dec5abc2"}
{"@timestamp":"2025-12-01T14:06:16.5386239+01:00","level":"INFO","thread_name":"http-nio-8080-exec-1","logger_name":"AppLogger","message":"Available products fetched successfully","availableCount":"30","userEmail":"GUEST","correlationId":"corr-edcc6ab5"}
{"@timestamp":"2025-12-01T14:06:16.5386239+01:00","level":"INFO","thread_name":"http-nio-8080-exec-1","logger_name":"dk.dtu.backend.utils.RequestLoggingFilter","message":"HTTP GET /api/products/available -> status=200, duration=20ms","userEmail":"GUEST","correlationId":"corr-edcc6ab5"}
{"@timestamp":"2025-12-01T14:06:16.5618073+01:00","level":"INFO","thread_name":"http-nio-8080-exec-3","logger_name":"AppLogger","message":"Available products fetched successfully","availableCount":"30","userEmail":"GUEST","correlationId":"corr-8043d2f0"}
{"@timestamp":"2025-12-01T14:06:16.5618073+01:00","level":"INFO","thread_name":"http-nio-8080-exec-3","logger_name":"dk.dtu.backend.utils.RequestLoggingFilter","message":"HTTP GET /api/products/available -> status=200, duration=10ms","userEmail":"GUEST","correlationId":"corr-8043d2f0"}
{"@timestamp":"2025-12-01T14:06:28.4095879+01:00","level":"INFO","thread_name":"http-nio-8080-exec-5","logger_name":"AppLogger","message":"All artists response prepared","count":"3","userEmail":"GUEST","correlationId":"corr-1b007656"}
{"@timestamp":"2025-12-01T14:06:28.4430712+01:00","level":"INFO","thread_name":"http-nio-8080-exec-5","logger_name":"dk.dtu.backend.utils.RequestLoggingFilter","message":"HTTP GET /api/artists -> status=200, duration=93ms","userEmail":"GUEST","correlationId":"corr-1b007656"}
{"@timestamp":"2025-12-01T14:06:28.4781389+01:00","level":"INFO","thread_name":"http-nio-8080-exec-4","logger_name":"AppLogger","message":"All artists response prepared","count":"3","userEmail":"GUEST","correlationId":"corr-e09b5169"}
{"@timestamp":"2025-12-01T14:06:28.481549+01:00","level":"INFO","thread_name":"http-nio-8080-exec-4","logger_name":"dk.dtu.backend.utils.RequestLoggingFilter","message":"HTTP GET /api/artists -> status=200, duration=21ms","userEmail":"GUEST","correlationId":"corr-e09b5169"}
{"@timestamp":"2025-12-01T15:18:06.0541208+01:00","level":"INFO","thread_name":"background-preinit","logger_name":"org.hibernate.validator.internal.util.Version","message":"HV000001: Hibernate Validator 8.0.3.Final"}
{"@timestamp":"2025-12-01T15:18:06.1504965+01:00","level":"INFO","thread_name":"restartedMain","logger_name":"dk.dtu.backend.BackendApplication","message":"Starting BackendApplication using Java 21.0.4 with PID 6828 (C:\\Users\\rezaj\\Desktop\\BidGallery\\backend\\target\\classes started by rezaj in C:\\Users\\rezaj\\Desktop\\BidGallery\\backend)"}
{"@timestamp":"2025-12-01T15:18:06.1504965+01:00","level":"INFO","thread_name":"restartedMain","logger_name":"dk.dtu.backend.BackendApplication","message":"No active profile set, falling back to 1 default profile: \"default\""}
{"@timestamp":"2025-12-01T15:18:06.2504919+01:00","level":"INFO","thread_name":"restartedMain","logger_name":"org.springframework.boot.devtools.env.DevToolsPropertyDefaultsPostProcessor","message":"Devtools property defaults active! Set 'spring.devtools.add-properties' to 'false' to disable"}
{"@timestamp":"2025-12-01T15:18:06.2504919+01:00","level":"INFO","thread_name":"restartedMain","logger_name":"org.springframework.boot.devtools.env.DevToolsPropertyDefaultsPostProcessor","message":"For additional web related logging consider setting the 'logging.level.web' property to 'DEBUG'"}
{"@timestamp":"2025-12-01T15:18:08.8923453+01:00","level":"INFO","thread_name":"restartedMain","logger_name":"org.springframework.data.repository.config.RepositoryConfigurationDelegate","message":"Bootstrapping Spring Data JPA repositories in DEFAULT mode."}
{"@timestamp":"2025-12-01T15:18:09.1841525+01:00","level":"INFO","thread_name":"restartedMain","logger_name":"org.springframework.data.repository.config.RepositoryConfigurationDelegate","message":"Finished Spring Data repository scanning in 271 ms. Found 6 JPA repository interfaces."}
{"@timestamp":"2025-12-01T15:18:10.5542878+01:00","level":"INFO","thread_name":"restartedMain","logger_name":"org.springframework.boot.web.embedded.tomcat.TomcatWebServer","message":"Tomcat initialized with port 8080 (http)"}
{"@timestamp":"2025-12-01T15:18:10.5731904+01:00","level":"INFO","thread_name":"restartedMain","logger_name":"org.apache.coyote.http11.Http11NioProtocol","message":"Initializing ProtocolHandler [\"http-nio-8080\"]"}
{"@timestamp":"2025-12-01T15:18:10.5831114+01:00","level":"INFO","thread_name":"restartedMain","logger_name":"org.apache.catalina.core.StandardService","message":"Starting service [Tomcat]"}
{"@timestamp":"2025-12-01T15:18:10.5831114+01:00","level":"INFO","thread_name":"restartedMain","logger_name":"org.apache.catalina.core.StandardEngine","message":"Starting Servlet engine: [Apache Tomcat/10.1.46]"}
{"@timestamp":"2025-12-01T15:18:10.7219176+01:00","level":"INFO","thread_name":"restartedMain","logger_name":"org.apache.catalina.core.ContainerBase.[Tomcat].[localhost].[/]","message":"Initializing Spring embedded WebApplicationContext"}
{"@timestamp":"2025-12-01T15:18:10.7219176+01:00","level":"INFO","thread_name":"restartedMain","logger_name":"org.springframework.boot.web.servlet.context.ServletWebServerApplicationContext","message":"Root WebApplicationContext: initialization completed in 4471 ms"}
{"@timestamp":"2025-12-01T15:18:11.4031431+01:00","level":"INFO","thread_name":"restartedMain","logger_name":"org.hibernate.jpa.internal.util.LogHelper","message":"HHH000204: Processing PersistenceUnitInfo [name: default]"}
{"@timestamp":"2025-12-01T15:18:11.5371588+01:00","level":"INFO","thread_name":"restartedMain","logger_name":"org.hibernate.Version","message":"HHH000412: Hibernate ORM core version 6.6.29.Final"}
{"@timestamp":"2025-12-01T15:18:11.6061284+01:00","level":"INFO","thread_name":"restartedMain","logger_name":"org.hibernate.cache.internal.RegionFactoryInitiator","message":"HHH000026: Second-level cache disabled"}
{"@timestamp":"2025-12-01T15:18:12.0481931+01:00","level":"INFO","thread_name":"restartedMain","logger_name":"org.springframework.orm.jpa.persistenceunit.SpringPersistenceUnitInfo","message":"No LoadTimeWeaver setup: ignoring JPA class transformer"}
{"@timestamp":"2025-12-01T15:18:12.0994908+01:00","level":"INFO","thread_name":"restartedMain","logger_name":"com.zaxxer.hikari.HikariDataSource","message":"HikariPool-1 - Starting..."}
{"@timestamp":"2025-12-01T15:18:12.2941773+01:00","level":"INFO","thread_name":"restartedMain","logger_name":"com.zaxxer.hikari.pool.HikariPool","message":"HikariPool-1 - Added connection org.mariadb.jdbc.Connection@64486af7"}
{"@timestamp":"2025-12-01T15:18:12.2941773+01:00","level":"INFO","thread_name":"restartedMain","logger_name":"com.zaxxer.hikari.HikariDataSource","message":"HikariPool-1 - Start completed."}
{"@timestamp":"2025-12-01T15:18:12.3995022+01:00","level":"INFO","thread_name":"restartedMain","logger_name":"org.hibernate.orm.connections.pooling","message":"HHH10001005: Database info:\n\tDatabase JDBC URL [Connecting through datasource 'HikariDataSource (HikariPool-1)']\n\tDatabase driver: undefined/unknown\n\tDatabase version: 12.0.2\n\tAutocommit mode: undefined/unknown\n\tIsolation level: undefined/unknown\n\tMinimum pool size: undefined/unknown\n\tMaximum pool size: undefined/unknown"}
{"@timestamp":"2025-12-01T15:18:14.5994304+01:00","level":"INFO","thread_name":"restartedMain","logger_name":"org.hibernate.engine.transaction.jta.platform.internal.JtaPlatformInitiator","message":"HHH000489: No JTA platform available (set 'hibernate.transaction.jta.platform' to enable JTA platform integration)"}
{"@timestamp":"2025-12-01T15:18:15.4554329+01:00","level":"INFO","thread_name":"restartedMain","logger_name":"org.springframework.orm.jpa.LocalContainerEntityManagerFactoryBean","message":"Initialized JPA EntityManagerFactory for persistence unit 'default'"}
{"@timestamp":"2025-12-01T15:18:15.8061054+01:00","level":"INFO","thread_name":"restartedMain","logger_name":"AppLogger","message":"Firebase initialized successfully"}
{"@timestamp":"2025-12-01T15:18:18.6976789+01:00","level":"INFO","thread_name":"restartedMain","logger_name":"org.springframework.boot.actuate.endpoint.web.EndpointLinksResolver","message":"Exposing 5 endpoints beneath base path '/actuator'"}
{"@timestamp":"2025-12-01T15:18:20.7706935+01:00","level":"INFO","thread_name":"restartedMain","logger_name":"org.springframework.boot.devtools.autoconfigure.OptionalLiveReloadServer","message":"LiveReload server is running on port 35729"}
{"@timestamp":"2025-12-01T15:18:21.0795413+01:00","level":"INFO","thread_name":"restartedMain","logger_name":"org.apache.coyote.http11.Http11NioProtocol","message":"Starting ProtocolHandler [\"http-nio-8080\"]"}
{"@timestamp":"2025-12-01T15:18:21.1354642+01:00","level":"INFO","thread_name":"restartedMain","logger_name":"org.springframework.boot.web.embedded.tomcat.TomcatWebServer","message":"Tomcat started on port 8080 (http) with context path '/'"}
{"@timestamp":"2025-12-01T15:18:21.1681866+01:00","level":"INFO","thread_name":"restartedMain","logger_name":"dk.dtu.backend.BackendApplication","message":"Started BackendApplication in 16.384 seconds (process running for 17.33)"}
{"@timestamp":"2025-12-01T15:18:43.8119503+01:00","level":"INFO","thread_name":"http-nio-8080-exec-4","logger_name":"org.apache.catalina.core.ContainerBase.[Tomcat].[localhost].[/]","message":"Initializing Spring DispatcherServlet 'dispatcherServlet'"}
{"@timestamp":"2025-12-01T15:18:43.8146021+01:00","level":"INFO","thread_name":"http-nio-8080-exec-4","logger_name":"org.springframework.web.servlet.DispatcherServlet","message":"Initializing Servlet 'dispatcherServlet'"}
{"@timestamp":"2025-12-01T15:18:43.8271038+01:00","level":"INFO","thread_name":"http-nio-8080-exec-4","logger_name":"org.springframework.web.servlet.DispatcherServlet","message":"Completed initialization in 10 ms"}
{"@timestamp":"2025-12-01T15:18:44.3745817+01:00","level":"INFO","thread_name":"http-nio-8080-exec-4","logger_name":"dk.dtu.backend.utils.RequestLoggingFilter","message":"HTTP GET /api/auth/check -> status=401, duration=269ms","userEmail":"GUEST","correlationId":"corr-22da482d"}
{"@timestamp":"2025-12-01T15:18:44.396577+01:00","level":"INFO","thread_name":"http-nio-8080-exec-2","logger_name":"dk.dtu.backend.utils.RequestLoggingFilter","message":"HTTP GET /api/auth/check -> status=401, duration=12ms","userEmail":"GUEST","correlationId":"corr-d6e25126"}
{"@timestamp":"2025-12-01T15:18:44.9448371+01:00","level":"INFO","thread_name":"http-nio-8080-exec-3","logger_name":"dk.dtu.backend.utils.RequestLoggingFilter","message":"HTTP GET /api/auth/check -> status=401, duration=20ms","userEmail":"GUEST","correlationId":"corr-6a5b0466"}
{"@timestamp":"2025-12-01T15:18:44.9755247+01:00","level":"INFO","thread_name":"http-nio-8080-exec-5","logger_name":"dk.dtu.backend.utils.RequestLoggingFilter","message":"HTTP GET /api/auth/check -> status=401, duration=13ms","userEmail":"GUEST","correlationId":"corr-f61db9e2"}
{"@timestamp":"2025-12-01T15:18:45.0762918+01:00","level":"INFO","thread_name":"http-nio-8080-exec-1","logger_name":"AppLogger","message":"Available products fetched successfully","availableCount":"30","userEmail":"GUEST","correlationId":"corr-f9b2aa6f"}
{"@timestamp":"2025-12-01T15:18:45.152118+01:00","level":"INFO","thread_name":"http-nio-8080-exec-1","logger_name":"dk.dtu.backend.utils.RequestLoggingFilter","message":"HTTP GET /api/products/available -> status=200, duration=1047ms","userEmail":"GUEST","correlationId":"corr-f9b2aa6f"}
{"@timestamp":"2025-12-01T15:18:45.2064262+01:00","level":"INFO","thread_name":"http-nio-8080-exec-6","logger_name":"AppLogger","message":"Available products fetched successfully","availableCount":"30","userEmail":"GUEST","correlationId":"corr-6237fdc4"}
{"@timestamp":"2025-12-01T15:18:45.2143078+01:00","level":"INFO","thread_name":"http-nio-8080-exec-6","logger_name":"dk.dtu.backend.utils.RequestLoggingFilter","message":"HTTP GET /api/products/available -> status=200, duration=53ms","userEmail":"GUEST","correlationId":"corr-6237fdc4"}
{"@timestamp":"2025-12-01T15:19:11.5660949+01:00","level":"INFO","thread_name":"http-nio-8080-exec-4","logger_name":"dk.dtu.backend.utils.RequestLoggingFilter","message":"HTTP GET /api/auth/check -> status=401, duration=32ms","userEmail":"GUEST","correlationId":"corr-f660bf16"}
{"@timestamp":"2025-12-01T15:19:11.6065204+01:00","level":"INFO","thread_name":"http-nio-8080-exec-2","logger_name":"dk.dtu.backend.utils.RequestLoggingFilter","message":"HTTP GET /api/auth/check -> status=401, duration=13ms","userEmail":"GUEST","correlationId":"corr-a20daa40"}
{"@timestamp":"2025-12-01T15:19:11.6137157+01:00","level":"INFO","thread_name":"http-nio-8080-exec-10","logger_name":"AppLogger","message":"Available products fetched successfully","availableCount":"30","userEmail":"GUEST","correlationId":"corr-d7506817"}
{"@timestamp":"2025-12-01T15:19:11.6215555+01:00","level":"INFO","thread_name":"http-nio-8080-exec-10","logger_name":"dk.dtu.backend.utils.RequestLoggingFilter","message":"HTTP GET /api/products/available -> status=200, duration=99ms","userEmail":"GUEST","correlationId":"corr-d7506817"}
{"@timestamp":"2025-12-01T15:19:11.7034819+01:00","level":"INFO","thread_name":"http-nio-8080-exec-3","logger_name":"AppLogger","message":"Available products fetched successfully","availableCount":"30","userEmail":"GUEST","correlationId":"corr-783115ba"}
{"@timestamp":"2025-12-01T15:19:11.7258533+01:00","level":"INFO","thread_name":"http-nio-8080-exec-3","logger_name":"dk.dtu.backend.utils.RequestLoggingFilter","message":"HTTP GET /api/products/available -> status=200, duration=87ms","userEmail":"GUEST","correlationId":"corr-783115ba"}
{"@timestamp":"2025-12-01T15:26:55.0278659+01:00","level":"INFO","thread_name":"http-nio-8080-exec-8","logger_name":"dk.dtu.backend.utils.RequestLoggingFilter","message":"HTTP GET /api/auth/check -> status=401, duration=34ms","userEmail":"GUEST","correlationId":"corr-1e4fd925"}
{"@timestamp":"2025-12-01T15:26:55.0570878+01:00","level":"INFO","thread_name":"http-nio-8080-exec-7","logger_name":"dk.dtu.backend.utils.RequestLoggingFilter","message":"HTTP GET /api/auth/check -> status=401, duration=3ms","userEmail":"GUEST","correlationId":"corr-85880a0a"}
{"@timestamp":"2025-12-01T15:27:03.1201114+01:00","level":"INFO","thread_name":"http-nio-8080-exec-9","logger_name":"AppLogger","message":"Available products fetched successfully","availableCount":"30","userEmail":"GUEST","correlationId":"corr-2a973629"}
{"@timestamp":"2025-12-01T15:27:03.1443028+01:00","level":"INFO","thread_name":"http-nio-8080-exec-9","logger_name":"dk.dtu.backend.utils.RequestLoggingFilter","message":"HTTP GET /api/products/available -> status=200, duration=128ms","userEmail":"GUEST","correlationId":"corr-2a973629"}
{"@timestamp":"2025-12-01T15:27:03.1766014+01:00","level":"INFO","thread_name":"http-nio-8080-exec-4","logger_name":"AppLogger","message":"Available products fetched successfully","availableCount":"30","userEmail":"GUEST","correlationId":"corr-1b3390bf"}
{"@timestamp":"2025-12-01T15:27:03.1804134+01:00","level":"INFO","thread_name":"http-nio-8080-exec-4","logger_name":"dk.dtu.backend.utils.RequestLoggingFilter","message":"HTTP GET /api/products/available -> status=200, duration=28ms","userEmail":"GUEST","correlationId":"corr-1b3390bf"}
{"@timestamp":"2025-12-01T15:31:51.7137377+01:00","level":"INFO","thread_name":"http-nio-8080-exec-3","logger_name":"AppLogger","message":"Available products fetched successfully","availableCount":"30","userEmail":"GUEST","correlationId":"corr-be5a6e21"}
{"@timestamp":"2025-12-01T15:31:51.721943+01:00","level":"INFO","thread_name":"http-nio-8080-exec-3","logger_name":"dk.dtu.backend.utils.RequestLoggingFilter","message":"HTTP GET /api/products/available -> status=200, duration=45ms","userEmail":"GUEST","correlationId":"corr-be5a6e21"}
{"@timestamp":"2025-12-01T15:31:51.7582771+01:00","level":"INFO","thread_name":"http-nio-8080-exec-1","logger_name":"AppLogger","message":"Available products fetched successfully","availableCount":"30","userEmail":"GUEST","correlationId":"corr-d791886b"}
{"@timestamp":"2025-12-01T15:31:51.7639955+01:00","level":"INFO","thread_name":"http-nio-8080-exec-1","logger_name":"dk.dtu.backend.utils.RequestLoggingFilter","message":"HTTP GET /api/products/available -> status=200, duration=32ms","userEmail":"GUEST","correlationId":"corr-d791886b"}
{"@timestamp":"2025-12-01T15:32:36.73382+01:00","level":"INFO","thread_name":"http-nio-8080-exec-6","logger_name":"AppLogger","message":"Product lookup by ID completed","productTitle":"Blue Echoes","userEmail":"GUEST","correlationId":"corr-b9bdc45c","found":"true","productId":"2"}
{"@timestamp":"2025-12-01T15:32:36.7365464+01:00","level":"INFO","thread_name":"http-nio-8080-exec-6","logger_name":"AppLogger","message":"Bid placement process started","userEmail":"GUEST","correlationId":"corr-b9bdc45c","bidValue":"1000.0","productId":"2"}
{"@timestamp":"2025-12-01T15:32:36.7438651+01:00","level":"WARN","thread_name":"http-nio-8080-exec-6","logger_name":"AppLogger","message":"Bid placement failed - product already sold","productTitle":"Blue Echoes","reason":"product_sold","userEmail":"GUEST","correlationId":"corr-b9bdc45c","productId":"2"}
{"@timestamp":"2025-12-01T15:32:36.7458604+01:00","level":"INFO","thread_name":"http-nio-8080-exec-6","logger_name":"dk.dtu.backend.utils.RequestLoggingFilter","message":"HTTP POST /api/checkout/placebid -> status=200, duration=517ms","userEmail":"GUEST","correlationId":"corr-b9bdc45c"}
{"@timestamp":"2025-12-01T15:36:16.5872378+01:00","level":"INFO","thread_name":"http-nio-8080-exec-4","logger_name":"dk.dtu.backend.utils.RequestLoggingFilter","message":"HTTP GET /api/auth/check -> status=401, duration=4ms","userEmail":"GUEST","correlationId":"corr-24134b26"}
{"@timestamp":"2025-12-01T15:36:16.6096773+01:00","level":"INFO","thread_name":"http-nio-8080-exec-2","logger_name":"dk.dtu.backend.utils.RequestLoggingFilter","message":"HTTP GET /api/auth/check -> status=401, duration=5ms","userEmail":"GUEST","correlationId":"corr-2ec52722"}
{"@timestamp":"2025-12-01T15:36:24.4272443+01:00","level":"INFO","thread_name":"http-nio-8080-exec-10","logger_name":"AppLogger","message":"Product lookup by ID completed","productTitle":"Blue Echoes","userEmail":"GUEST","correlationId":"corr-fbca467c","found":"true","productId":"2"}
{"@timestamp":"2025-12-01T15:36:24.429297+01:00","level":"INFO","thread_name":"http-nio-8080-exec-10","logger_name":"AppLogger","message":"Bid placement process started","userEmail":"GUEST","correlationId":"corr-fbca467c","bidValue":"1000.0","productId":"2"}
{"@timestamp":"2025-12-01T15:36:24.4380493+01:00","level":"WARN","thread_name":"http-nio-8080-exec-10","logger_name":"AppLogger","message":"Bid placement failed - product already sold","productTitle":"Blue Echoes","reason":"product_sold","userEmail":"GUEST","correlationId":"corr-fbca467c","productId":"2"}
{"@timestamp":"2025-12-01T15:36:24.446673+01:00","level":"INFO","thread_name":"http-nio-8080-exec-10","logger_name":"dk.dtu.backend.utils.RequestLoggingFilter","message":"HTTP POST /api/checkout/placebid -> status=200, duration=34ms","userEmail":"GUEST","correlationId":"corr-fbca467c"}
{"@timestamp":"2025-12-01T15:50:41.3977126+01:00","level":"INFO","thread_name":"http-nio-8080-exec-5","logger_name":"dk.dtu.backend.utils.RequestLoggingFilter","message":"HTTP GET /api/auth/check -> status=401, duration=54ms","userEmail":"GUEST","correlationId":"corr-aec8c089"}
{"@timestamp":"2025-12-01T15:50:41.4082317+01:00","level":"INFO","thread_name":"http-nio-8080-exec-6","logger_name":"dk.dtu.backend.utils.RequestLoggingFilter","message":"HTTP GET /api/auth/check -> status=401, duration=6ms","userEmail":"GUEST","correlationId":"corr-8cc303f6"}
{"@timestamp":"2025-12-01T15:51:15.3941038+01:00","level":"INFO","thread_name":"http-nio-8080-exec-9","logger_name":"dk.dtu.backend.utils.RequestLoggingFilter","message":"HTTP GET /api/auth/check -> status=401, duration=4ms","userEmail":"GUEST","correlationId":"corr-a8bee595"}
{"@timestamp":"2025-12-01T15:51:15.9622847+01:00","level":"INFO","thread_name":"http-nio-8080-exec-4","logger_name":"dk.dtu.backend.utils.RequestLoggingFilter","message":"HTTP GET /api/auth/check -> status=401, duration=4ms","userEmail":"GUEST","correlationId":"corr-75e87653"}
{"@timestamp":"2025-12-01T15:52:29.58521+01:00","level":"INFO","thread_name":"http-nio-8080-exec-10","logger_name":"dk.dtu.backend.utils.RequestLoggingFilter","message":"HTTP GET /api/auth/check -> status=401, duration=2ms","userEmail":"GUEST","correlationId":"corr-72ee6290"}
{"@timestamp":"2025-12-01T15:52:29.6160526+01:00","level":"INFO","thread_name":"http-nio-8080-exec-3","logger_name":"dk.dtu.backend.utils.RequestLoggingFilter","message":"HTTP GET /api/auth/check -> status=401, duration=9ms","userEmail":"GUEST","correlationId":"corr-c3830321"}
{"@timestamp":"2025-12-01T15:54:25.8798691+01:00","level":"INFO","thread_name":"http-nio-8080-exec-6","logger_name":"AppLogger","message":"Available products fetched successfully","availableCount":"30","userEmail":"GUEST","correlationId":"corr-64f42d9f"}
{"@timestamp":"2025-12-01T15:54:25.89547+01:00","level":"INFO","thread_name":"http-nio-8080-exec-6","logger_name":"dk.dtu.backend.utils.RequestLoggingFilter","message":"HTTP GET /api/products/available -> status=200, duration=95ms","userEmail":"GUEST","correlationId":"corr-64f42d9f"}
{"@timestamp":"2025-12-01T15:54:26.4081782+01:00","level":"INFO","thread_name":"http-nio-8080-exec-8","logger_name":"AppLogger","message":"Available products fetched successfully","availableCount":"30","userEmail":"GUEST","correlationId":"corr-95f5db7d"}
{"@timestamp":"2025-12-01T15:54:26.4131994+01:00","level":"INFO","thread_name":"http-nio-8080-exec-8","logger_name":"dk.dtu.backend.utils.RequestLoggingFilter","message":"HTTP GET /api/products/available -> status=200, duration=27ms","userEmail":"GUEST","correlationId":"corr-95f5db7d"}
{"@timestamp":"2025-12-01T15:54:33.9810599+01:00","level":"INFO","thread_name":"http-nio-8080-exec-4","logger_name":"AppLogger","message":"Product lookup by ID completed","productTitle":"Silent Harbour","userEmail":"GUEST","correlationId":"corr-d5b37266","found":"true","productId":"1"}
{"@timestamp":"2025-12-01T15:54:33.9810599+01:00","level":"INFO","thread_name":"http-nio-8080-exec-4","logger_name":"AppLogger","message":"Bid placement process started","userEmail":"GUEST","correlationId":"corr-d5b37266","bidValue":"1000.0","productId":"1"}
{"@timestamp":"2025-12-01T15:54:33.9915759+01:00","level":"WARN","thread_name":"http-nio-8080-exec-4","logger_name":"AppLogger","message":"Bid placement failed - product already sold","productTitle":"Silent Harbour","reason":"product_sold","userEmail":"GUEST","correlationId":"corr-d5b37266","productId":"1"}
{"@timestamp":"2025-12-01T15:54:33.9986955+01:00","level":"INFO","thread_name":"http-nio-8080-exec-4","logger_name":"dk.dtu.backend.utils.RequestLoggingFilter","message":"HTTP POST /api/checkout/placebid -> status=200, duration=58ms","userEmail":"GUEST","correlationId":"corr-d5b37266"}
{"@timestamp":"2025-12-01T15:59:49.2965513+01:00","level":"INFO","thread_name":"http-nio-8080-exec-10","logger_name":"dk.dtu.backend.utils.RequestLoggingFilter","message":"HTTP GET /api/auth/check -> status=401, duration=6ms","userEmail":"GUEST","correlationId":"corr-d5f3cf11"}
{"@timestamp":"2025-12-01T15:59:49.3104161+01:00","level":"INFO","thread_name":"http-nio-8080-exec-3","logger_name":"dk.dtu.backend.utils.RequestLoggingFilter","message":"HTTP GET /api/auth/check -> status=401, duration=4ms","userEmail":"GUEST","correlationId":"corr-6b4f9705"}
{"@timestamp":"2025-12-01T16:02:04.1864674+01:00","level":"INFO","thread_name":"http-nio-8080-exec-6","logger_name":"dk.dtu.backend.utils.RequestLoggingFilter","message":"HTTP GET /api/auth/check -> status=401, duration=6ms","userEmail":"GUEST","correlationId":"corr-ec7e4573"}
{"@timestamp":"2025-12-01T16:02:04.1976442+01:00","level":"INFO","thread_name":"http-nio-8080-exec-8","logger_name":"dk.dtu.backend.utils.RequestLoggingFilter","message":"HTTP GET /api/auth/check -> status=401, duration=3ms","userEmail":"GUEST","correlationId":"corr-301dedbc"}
{"@timestamp":"2025-12-01T16:03:04.0667404+01:00","level":"INFO","thread_name":"http-nio-8080-exec-7","logger_name":"AppLogger","message":"Available products fetched successfully","availableCount":"30","userEmail":"GUEST","correlationId":"corr-e807b31f"}
{"@timestamp":"2025-12-01T16:03:04.0726317+01:00","level":"INFO","thread_name":"http-nio-8080-exec-7","logger_name":"dk.dtu.backend.utils.RequestLoggingFilter","message":"HTTP GET /api/products/available -> status=200, duration=36ms","userEmail":"GUEST","correlationId":"corr-e807b31f"}
{"@timestamp":"2025-12-01T16:03:04.6394708+01:00","level":"INFO","thread_name":"http-nio-8080-exec-9","logger_name":"AppLogger","message":"Available products fetched successfully","availableCount":"30","userEmail":"GUEST","correlationId":"corr-a8b2ea8e"}
{"@timestamp":"2025-12-01T16:03:04.6464266+01:00","level":"INFO","thread_name":"http-nio-8080-exec-9","logger_name":"dk.dtu.backend.utils.RequestLoggingFilter","message":"HTTP GET /api/products/available -> status=200, duration=28ms","userEmail":"GUEST","correlationId":"corr-a8b2ea8e"}
{"@timestamp":"2025-12-01T16:15:51.3121344+01:00","level":"INFO","thread_name":"background-preinit","logger_name":"org.hibernate.validator.internal.util.Version","message":"HV000001: Hibernate Validator 8.0.3.Final"}
{"@timestamp":"2025-12-01T16:15:51.4079266+01:00","level":"INFO","thread_name":"restartedMain","logger_name":"dk.dtu.backend.BackendApplication","message":"Starting BackendApplication using Java 21.0.4 with PID 7912 (C:\\Users\\rezaj\\Desktop\\BidGallery\\backend\\target\\classes started by rezaj in C:\\Users\\rezaj\\Desktop\\BidGallery\\backend)"}
{"@timestamp":"2025-12-01T16:15:51.4079266+01:00","level":"INFO","thread_name":"restartedMain","logger_name":"dk.dtu.backend.BackendApplication","message":"No active profile set, falling back to 1 default profile: \"default\""}
{"@timestamp":"2025-12-01T16:15:51.4802235+01:00","level":"INFO","thread_name":"restartedMain","logger_name":"org.springframework.boot.devtools.env.DevToolsPropertyDefaultsPostProcessor","message":"Devtools property defaults active! Set 'spring.devtools.add-properties' to 'false' to disable"}
{"@timestamp":"2025-12-01T16:15:51.4802235+01:00","level":"INFO","thread_name":"restartedMain","logger_name":"org.springframework.boot.devtools.env.DevToolsPropertyDefaultsPostProcessor","message":"For additional web related logging consider setting the 'logging.level.web' property to 'DEBUG'"}
{"@timestamp":"2025-12-01T16:15:53.3179448+01:00","level":"INFO","thread_name":"restartedMain","logger_name":"org.springframework.data.repository.config.RepositoryConfigurationDelegate","message":"Bootstrapping Spring Data JPA repositories in DEFAULT mode."}
{"@timestamp":"2025-12-01T16:15:53.5520261+01:00","level":"INFO","thread_name":"restartedMain","logger_name":"org.springframework.data.repository.config.RepositoryConfigurationDelegate","message":"Finished Spring Data repository scanning in 219 ms. Found 6 JPA repository interfaces."}
{"@timestamp":"2025-12-01T16:15:54.4859645+01:00","level":"INFO","thread_name":"restartedMain","logger_name":"org.springframework.boot.web.embedded.tomcat.TomcatWebServer","message":"Tomcat initialized with port 8080 (http)"}
{"@timestamp":"2025-12-01T16:15:54.5042942+01:00","level":"INFO","thread_name":"restartedMain","logger_name":"org.apache.coyote.http11.Http11NioProtocol","message":"Initializing ProtocolHandler [\"http-nio-8080\"]"}
{"@timestamp":"2025-12-01T16:15:54.5042942+01:00","level":"INFO","thread_name":"restartedMain","logger_name":"org.apache.catalina.core.StandardService","message":"Starting service [Tomcat]"}
{"@timestamp":"2025-12-01T16:15:54.5042942+01:00","level":"INFO","thread_name":"restartedMain","logger_name":"org.apache.catalina.core.StandardEngine","message":"Starting Servlet engine: [Apache Tomcat/10.1.46]"}
{"@timestamp":"2025-12-01T16:15:54.5906896+01:00","level":"INFO","thread_name":"restartedMain","logger_name":"org.apache.catalina.core.ContainerBase.[Tomcat].[localhost].[/]","message":"Initializing Spring embedded WebApplicationContext"}
{"@timestamp":"2025-12-01T16:15:54.5912228+01:00","level":"INFO","thread_name":"restartedMain","logger_name":"org.springframework.boot.web.servlet.context.ServletWebServerApplicationContext","message":"Root WebApplicationContext: initialization completed in 3105 ms"}
{"@timestamp":"2025-12-01T16:15:54.9910648+01:00","level":"INFO","thread_name":"restartedMain","logger_name":"org.hibernate.jpa.internal.util.LogHelper","message":"HHH000204: Processing PersistenceUnitInfo [name: default]"}
{"@timestamp":"2025-12-01T16:15:55.0991628+01:00","level":"INFO","thread_name":"restartedMain","logger_name":"org.hibernate.Version","message":"HHH000412: Hibernate ORM core version 6.6.29.Final"}
{"@timestamp":"2025-12-01T16:15:55.1517027+01:00","level":"INFO","thread_name":"restartedMain","logger_name":"org.hibernate.cache.internal.RegionFactoryInitiator","message":"HHH000026: Second-level cache disabled"}
{"@timestamp":"2025-12-01T16:15:55.4885977+01:00","level":"INFO","thread_name":"restartedMain","logger_name":"org.springframework.orm.jpa.persistenceunit.SpringPersistenceUnitInfo","message":"No LoadTimeWeaver setup: ignoring JPA class transformer"}
{"@timestamp":"2025-12-01T16:15:55.5322558+01:00","level":"INFO","thread_name":"restartedMain","logger_name":"com.zaxxer.hikari.HikariDataSource","message":"HikariPool-1 - Starting..."}
{"@timestamp":"2025-12-01T16:15:55.6716645+01:00","level":"INFO","thread_name":"restartedMain","logger_name":"com.zaxxer.hikari.pool.HikariPool","message":"HikariPool-1 - Added connection org.mariadb.jdbc.Connection@ac5866f"}
{"@timestamp":"2025-12-01T16:15:55.6716645+01:00","level":"INFO","thread_name":"restartedMain","logger_name":"com.zaxxer.hikari.HikariDataSource","message":"HikariPool-1 - Start completed."}
{"@timestamp":"2025-12-01T16:15:55.7501242+01:00","level":"INFO","thread_name":"restartedMain","logger_name":"org.hibernate.orm.connections.pooling","message":"HHH10001005: Database info:\n\tDatabase JDBC URL [Connecting through datasource 'HikariDataSource (HikariPool-1)']\n\tDatabase driver: undefined/unknown\n\tDatabase version: 12.0.2\n\tAutocommit mode: undefined/unknown\n\tIsolation level: undefined/unknown\n\tMinimum pool size: undefined/unknown\n\tMaximum pool size: undefined/unknown"}
{"@timestamp":"2025-12-01T16:15:57.0816821+01:00","level":"INFO","thread_name":"restartedMain","logger_name":"org.hibernate.engine.transaction.jta.platform.internal.JtaPlatformInitiator","message":"HHH000489: No JTA platform available (set 'hibernate.transaction.jta.platform' to enable JTA platform integration)"}
{"@timestamp":"2025-12-01T16:15:57.8077778+01:00","level":"INFO","thread_name":"restartedMain","logger_name":"org.springframework.orm.jpa.LocalContainerEntityManagerFactoryBean","message":"Initialized JPA EntityManagerFactory for persistence unit 'default'"}
{"@timestamp":"2025-12-01T16:15:57.9245781+01:00","level":"INFO","thread_name":"restartedMain","logger_name":"AppLogger","message":"Firebase initialized successfully"}
{"@timestamp":"2025-12-01T16:15:59.1545773+01:00","level":"INFO","thread_name":"restartedMain","logger_name":"org.springframework.boot.actuate.endpoint.web.EndpointLinksResolver","message":"Exposing 5 endpoints beneath base path '/actuator'"}
{"@timestamp":"2025-12-01T16:15:59.9803722+01:00","level":"INFO","thread_name":"restartedMain","logger_name":"org.springframework.boot.devtools.autoconfigure.OptionalLiveReloadServer","message":"LiveReload server is running on port 35729"}
{"@timestamp":"2025-12-01T16:16:00.1807005+01:00","level":"INFO","thread_name":"restartedMain","logger_name":"org.apache.coyote.http11.Http11NioProtocol","message":"Starting ProtocolHandler [\"http-nio-8080\"]"}
{"@timestamp":"2025-12-01T16:16:00.2139679+01:00","level":"INFO","thread_name":"restartedMain","logger_name":"org.springframework.boot.web.embedded.tomcat.TomcatWebServer","message":"Tomcat started on port 8080 (http) with context path '/'"}
{"@timestamp":"2025-12-01T16:16:00.2406091+01:00","level":"INFO","thread_name":"restartedMain","logger_name":"dk.dtu.backend.BackendApplication","message":"Started BackendApplication in 9.947 seconds (process running for 10.644)"}
{"@timestamp":"2025-12-01T16:18:31.690099+01:00","level":"INFO","thread_name":"http-nio-8080-exec-1","logger_name":"org.apache.catalina.core.ContainerBase.[Tomcat].[localhost].[/]","message":"Initializing Spring DispatcherServlet 'dispatcherServlet'"}
{"@timestamp":"2025-12-01T16:18:31.690099+01:00","level":"INFO","thread_name":"http-nio-8080-exec-1","logger_name":"org.springframework.web.servlet.DispatcherServlet","message":"Initializing Servlet 'dispatcherServlet'"}
{"@timestamp":"2025-12-01T16:18:31.6981469+01:00","level":"INFO","thread_name":"http-nio-8080-exec-1","logger_name":"org.springframework.web.servlet.DispatcherServlet","message":"Completed initialization in 8 ms"}
{"@timestamp":"2025-12-01T16:18:32.226104+01:00","level":"INFO","thread_name":"http-nio-8080-exec-6","logger_name":"dk.dtu.backend.utils.RequestLoggingFilter","message":"HTTP GET /api/auth/check -> status=401, duration=264ms","userEmail":"GUEST","correlationId":"corr-5db59917"}
{"@timestamp":"2025-12-01T16:18:32.2465089+01:00","level":"INFO","thread_name":"http-nio-8080-exec-9","logger_name":"dk.dtu.backend.utils.RequestLoggingFilter","message":"HTTP GET /api/auth/check -> status=401, duration=10ms","userEmail":"GUEST","correlationId":"corr-313513d4"}
{"@timestamp":"2025-12-01T16:18:32.7545304+01:00","level":"INFO","thread_name":"http-nio-8080-exec-1","logger_name":"AppLogger","message":"Available products fetched successfully","availableCount":"30","userEmail":"GUEST","correlationId":"corr-db33aa0e"}
{"@timestamp":"2025-12-01T16:18:32.8393065+01:00","level":"INFO","thread_name":"http-nio-8080-exec-1","logger_name":"dk.dtu.backend.utils.RequestLoggingFilter","message":"HTTP GET /api/products/available -> status=200, duration=877ms","userEmail":"GUEST","correlationId":"corr-db33aa0e"}
{"@timestamp":"2025-12-01T16:18:32.897225+01:00","level":"INFO","thread_name":"http-nio-8080-exec-4","logger_name":"AppLogger","message":"Available products fetched successfully","availableCount":"30","userEmail":"GUEST","correlationId":"corr-aad9a64a"}
{"@timestamp":"2025-12-01T16:18:32.9034415+01:00","level":"INFO","thread_name":"http-nio-8080-exec-4","logger_name":"dk.dtu.backend.utils.RequestLoggingFilter","message":"HTTP GET /api/products/available -> status=200, duration=46ms","userEmail":"GUEST","correlationId":"corr-aad9a64a"}
{"@timestamp":"2025-12-01T16:19:07.587929+01:00","level":"INFO","thread_name":"http-nio-8080-exec-8","logger_name":"AppLogger","message":"Available products fetched successfully","availableCount":"30","userEmail":"GUEST","correlationId":"corr-6b2dedc9"}
{"@timestamp":"2025-12-01T16:19:07.6008873+01:00","level":"INFO","thread_name":"http-nio-8080-exec-8","logger_name":"dk.dtu.backend.utils.RequestLoggingFilter","message":"HTTP GET /api/products/available -> status=200, duration=44ms","userEmail":"GUEST","correlationId":"corr-6b2dedc9"}
{"@timestamp":"2025-12-01T16:19:08.1706928+01:00","level":"INFO","thread_name":"http-nio-8080-exec-2","logger_name":"AppLogger","message":"Available products fetched successfully","availableCount":"30","userEmail":"GUEST","correlationId":"corr-b9e92b3c"}
{"@timestamp":"2025-12-01T16:19:08.1821498+01:00","level":"INFO","thread_name":"http-nio-8080-exec-2","logger_name":"dk.dtu.backend.utils.RequestLoggingFilter","message":"HTTP GET /api/products/available -> status=200, duration=44ms","userEmail":"GUEST","correlationId":"corr-b9e92b3c"}
{"@timestamp":"2025-12-01T16:19:16.5371823+01:00","level":"INFO","thread_name":"http-nio-8080-exec-10","logger_name":"AppLogger","message":"Product lookup by ID completed","productTitle":"Silent Harbour","userEmail":"GUEST","correlationId":"corr-a993bc0d","found":"true","productId":"1"}
{"@timestamp":"2025-12-01T16:19:16.5407047+01:00","level":"INFO","thread_name":"http-nio-8080-exec-10","logger_name":"AppLogger","message":"Bid placement process started","userEmail":"GUEST","correlationId":"corr-a993bc0d","bidValue":"1000.0","productId":"1"}
{"@timestamp":"2025-12-01T16:19:16.5480702+01:00","level":"WARN","thread_name":"http-nio-8080-exec-10","logger_name":"AppLogger","message":"Bid placement failed - product already sold","productTitle":"Silent Harbour","reason":"product_sold","userEmail":"GUEST","correlationId":"corr-a993bc0d","productId":"1"}
{"@timestamp":"2025-12-01T16:19:16.5647439+01:00","level":"INFO","thread_name":"http-nio-8080-exec-10","logger_name":"dk.dtu.backend.utils.RequestLoggingFilter","message":"HTTP POST /api/checkout/placebid -> status=200, duration=244ms","userEmail":"GUEST","correlationId":"corr-a993bc0d"}
